0 info it worked if it ends with ok
1 verbose cli [ '/opt/boxen/nodenv/versions/v0.10.5/bin/node',
1 verbose cli   '/opt/boxen/nodenv/versions/v0.10.5/bin/npm',
1 verbose cli   'publish' ]
2 info using npm@1.2.18
3 info using node@v0.10.5
4 verbose publish [ '.' ]
5 verbose read json /opt/crass/js/package.json
6 verbose cache add [ '.', null ]
7 verbose cache add name=undefined spec="." args=[".",null]
8 verbose parsed url { protocol: null,
8 verbose parsed url   slashes: null,
8 verbose parsed url   auth: null,
8 verbose parsed url   host: null,
8 verbose parsed url   port: null,
8 verbose parsed url   hostname: null,
8 verbose parsed url   hash: null,
8 verbose parsed url   search: null,
8 verbose parsed url   query: null,
8 verbose parsed url   pathname: '.',
8 verbose parsed url   path: '.',
8 verbose parsed url   href: '.' }
9 silly lockFile 3a52ce78- .
10 verbose lock . /Users/basta/.npm/3a52ce78-.lock
11 verbose read json package.json
12 silly lockFile 3a52ce78- .
13 silly lockFile 3a52ce78- .
14 error addLocal Could not install .
15 error Error: ENOENT, open 'package.json'
16 error If you need help, you may report this log at:
16 error     <http://github.com/isaacs/npm/issues>
16 error or email it to:
16 error     <npm-@googlegroups.com>
17 error System Darwin 12.3.0
18 error command "/opt/boxen/nodenv/versions/v0.10.5/bin/node" "/opt/boxen/nodenv/versions/v0.10.5/bin/npm" "publish"
19 error cwd /opt/crass/js
20 error node -v v0.10.5
21 error npm -v 1.2.18
22 error path package.json
23 error code ENOENT
24 error errno 34
25 verbose exit [ 34, true ]
